<?xml version="1.0" encoding="UTF-8"?>
<!-- Generated by org.testng.reporters.JUnitReportReporter -->
<testsuite hostname="TYC0422162" failures="0" tests="1" name="com.FileHandlingTest.DownloadFile_UsingRobotClassTest" time="1.456" errors="0" timestamp="2022-08-08T12:59:42 IST" skipped="0">
  <testcase classname="com.FileHandlingTest.DownloadFile_UsingRobotClassTest" name="downloadFileTest" time="1.456"/>
  <system-out/>
</testsuite> <!-- com.FileHandlingTest.DownloadFile_UsingRobotClassTest -->
