<?xml version="1.0" encoding="UTF-8"?>
<!-- Generated by org.testng.reporters.JUnitReportReporter -->
<testsuite hostname="TYC0422162" failures="0" tests="1" name="com.ActionsPracticeTest.MouseHoverActionsTest" time="20.317" errors="0" timestamp="2022-08-03T13:05:31 IST" skipped="0">
  <testcase classname="com.ActionsPracticeTest.MouseHoverActionsTest" name="signInMouseHover" time="20.317"/>
  <system-out/>
</testsuite> <!-- com.ActionsPracticeTest.MouseHoverActionsTest -->
