<?xml version="1.0" encoding="UTF-8"?>
<!-- Generated by org.testng.reporters.JUnitReportReporter -->
<testsuite hostname="TYC0422162" failures="0" tests="1" name="com.FileHandlingTest.DownloadFile_UsingChromeTest" time="0.589" errors="0" timestamp="2022-08-08T15:05:36 IST" skipped="0">
  <testcase classname="com.FileHandlingTest.DownloadFile_UsingChromeTest" name="downloadFileTest" time="0.589"/>
  <system-out/>
</testsuite> <!-- com.FileHandlingTest.DownloadFile_UsingChromeTest -->
