<?xml version="1.0" encoding="UTF-8"?>
<!-- Generated by org.testng.reporters.JUnitReportReporter -->
<testsuite hostname="TYC0422162" failures="0" tests="1" name="com.ActionsPracticeTest.KeyUpKeyDown_WithElementGoogleTest" time="0.424" errors="0" timestamp="2022-08-03T12:50:29 IST" skipped="0">
  <testcase classname="com.ActionsPracticeTest.KeyUpKeyDown_WithElementGoogleTest" name="keyUpKeyDownTest" time="0.424"/>
  <system-out/>
</testsuite> <!-- com.ActionsPracticeTest.KeyUpKeyDown_WithElementGoogleTest -->
