<?xml version="1.0" encoding="UTF-8"?>
<!-- Generated by org.testng.reporters.JUnitReportReporter -->
<testsuite hostname="TYC0422162" failures="0" tests="1" name="com.ActionsPracticeTest.ClickAndHoldTest" time="11.543" errors="0" timestamp="2022-08-03T13:06:36 IST" skipped="0">
  <testcase classname="com.ActionsPracticeTest.ClickAndHoldTest" name="signInMouseHover" time="11.543"/>
  <system-out/>
</testsuite> <!-- com.ActionsPracticeTest.ClickAndHoldTest -->
