<?xml version="1.0" encoding="UTF-8"?>
<!-- Generated by org.testng.reporters.JUnitReportReporter -->
<testsuite hostname="TYC0422162" failures="0" tests="1" name="com.ActionsPracticeTest.ContextClickTest" time="1.300" errors="0" timestamp="2022-08-02T16:13:28 IST" skipped="0">
  <testcase classname="com.ActionsPracticeTest.ContextClickTest" name="contextClick" time="1.300"/>
  <system-out/>
</testsuite> <!-- com.ActionsPracticeTest.ContextClickTest -->
