<?xml version="1.0" encoding="UTF-8"?>
<!-- Generated by org.testng.reporters.JUnitReportReporter -->
<testsuite hostname="TYC0422162" failures="0" tests="1" name="com.task.scenariosTest.Goibibo_DomesticFlightsTest" time="0.580" errors="0" timestamp="2022-07-25T16:04:14 IST" skipped="0">
  <testcase classname="com.task.scenariosTest.Goibibo_DomesticFlightsTest" name="domesticFlights" time="0.580"/>
  <system-out/>
</testsuite> <!-- com.task.scenariosTest.Goibibo_DomesticFlightsTest -->
