<?xml version="1.0" encoding="UTF-8"?>
<!-- Generated by org.testng.reporters.JUnitReportReporter -->
<testsuite hostname="TYC0422162" failures="0" tests="1" name="com.screenshotTest.ScreenshotTest" time="0.149" errors="0" timestamp="2022-08-08T16:18:09 IST" skipped="0">
  <testcase classname="com.screenshotTest.ScreenshotTest" name="downloadFileTest" time="0.149"/>
  <system-out/>
</testsuite> <!-- com.screenshotTest.ScreenshotTest -->
