<?xml version="1.0" encoding="UTF-8"?>
<!-- Generated by org.testng.reporters.JUnitReportReporter -->
<testsuite hostname="TYC0422162" failures="0" tests="1" name="com.ActionsPracticeTest.Flipkart_DragAndDropByTest" time="3.839" errors="0" timestamp="2022-08-02T21:48:21 IST" skipped="0">
  <testcase classname="com.ActionsPracticeTest.Flipkart_DragAndDropByTest" name="contextClick" time="3.839"/>
  <system-out/>
</testsuite> <!-- com.ActionsPracticeTest.Flipkart_DragAndDropByTest -->
