<?xml version="1.0" encoding="UTF-8"?>
<!-- Generated by org.testng.reporters.JUnitReportReporter -->
<testsuite hostname="TYC0422162" failures="0" tests="1" name="com.task.hotstar.BookMyShow_InsideScrollingTest" time="54.772" errors="0" timestamp="2022-07-25T11:55:32 IST" skipped="0">
  <testcase classname="com.task.hotstar.BookMyShow_InsideScrollingTest" name="insideScrollingq" time="54.772"/>
  <system-out/>
</testsuite> <!-- com.task.hotstar.BookMyShow_InsideScrollingTest -->
