<?xml version="1.0" encoding="UTF-8"?>
<!-- Generated by org.testng.reporters.JUnitReportReporter -->
<testsuite hostname="TYC0422162" failures="0" tests="1" name="com.FileHandlingTest.DownloadFilesUsingFirefoxTest" time="1.103" errors="0" timestamp="2022-08-08T15:28:33 IST" skipped="0">
  <testcase classname="com.FileHandlingTest.DownloadFilesUsingFirefoxTest" name="downloadFileTest" time="1.103"/>
  <system-out/>
</testsuite> <!-- com.FileHandlingTest.DownloadFilesUsingFirefoxTest -->
