<?xml version="1.0" encoding="UTF-8"?>
<!-- Generated by org.testng.reporters.JUnitReportReporter -->
<testsuite hostname="TYC0422162" failures="0" tests="1" name="com.ScrollHandlingTest.ScrollHandlingTest" time="6.391" errors="0" timestamp="2022-08-04T12:22:29 IST" skipped="0">
  <testcase classname="com.ScrollHandlingTest.ScrollHandlingTest" name="scrollPageDownAndUp" time="6.391"/>
  <system-out/>
</testsuite> <!-- com.ScrollHandlingTest.ScrollHandlingTest -->
