<?xml version="1.0" encoding="UTF-8"?>
<!-- Generated by org.testng.reporters.JUnitReportReporter -->
<testsuite hostname="TYC0422162" failures="0" tests="1" name="com.task.scenariosTest.FetchText_FromAnImageTest" time="1.507" errors="0" timestamp="2022-08-10T17:42:01 IST" skipped="0">
  <testcase classname="com.task.scenariosTest.FetchText_FromAnImageTest" name="fetchText" time="1.507"/>
  <system-out/>
</testsuite> <!-- com.task.scenariosTest.FetchText_FromAnImageTest -->
