<?xml version="1.0" encoding="UTF-8"?>
<!-- Generated by org.testng.reporters.JUnitReportReporter -->
<testsuite hostname="TYC0422162" failures="0" tests="1" name="com.task.scenariosTest.WikipediaTest" time="0.097" errors="0" timestamp="2022-07-31T23:09:25 IST" skipped="0">
  <testcase classname="com.task.scenariosTest.WikipediaTest" name="fetchPragraph" time="0.097"/>
  <system-out/>
</testsuite> <!-- com.task.scenariosTest.WikipediaTest -->
