<?xml version="1.0" encoding="UTF-8"?>
<!-- Generated by org.testng.reporters.JUnitReportReporter -->
<testsuite hostname="TYC0422162" failures="0" tests="1" name="com.screenshotTest.Screenshot_OfElementTest" time="0.594" errors="0" timestamp="2022-08-08T17:36:07 IST" skipped="0">
  <testcase classname="com.screenshotTest.Screenshot_OfElementTest" name="screenShotSessionTest" time="0.594"/>
  <system-out/>
</testsuite> <!-- com.screenshotTest.Screenshot_OfElementTest -->
