<?xml version="1.0" encoding="UTF-8"?>
<!-- Generated by org.testng.reporters.JUnitReportReporter -->
<testsuite hostname="TYC0422162" failures="0" tests="1" name="com.ScrollHandlingTest.Flipkart_ScrollHandlingTest" time="12.500" errors="0" timestamp="2022-08-04T13:13:16 IST" skipped="0">
  <testcase classname="com.ScrollHandlingTest.Flipkart_ScrollHandlingTest" name="scrollPageDownAndUp" time="12.500"/>
  <system-out/>
</testsuite> <!-- com.ScrollHandlingTest.Flipkart_ScrollHandlingTest -->
