<?xml version="1.0" encoding="UTF-8"?>
<!-- Generated by org.testng.reporters.JUnitReportReporter -->
<testsuite hostname="TYC0422162" failures="0" tests="1" name="com.AssertionsTest.HardAssertTest" time="0.287" errors="0" timestamp="2022-08-04T16:46:06 IST" skipped="0">
  <testcase classname="com.AssertionsTest.HardAssertTest" name="hardAssert" time="0.287"/>
  <system-out/>
</testsuite> <!-- com.AssertionsTest.HardAssertTest -->
