<?xml version="1.0" encoding="UTF-8"?>
<!-- Generated by org.testng.reporters.JUnitReportReporter -->
<testsuite hostname="TYC0422162" failures="0" tests="1" name="com.task.hotstar.BookMyShow_HomePageScrollingTest" time="40.019" errors="0" timestamp="2022-07-25T12:04:22 IST" skipped="0">
  <testcase classname="com.task.hotstar.BookMyShow_HomePageScrollingTest" name="homePageScroll" time="40.019"/>
  <system-out/>
</testsuite> <!-- com.task.hotstar.BookMyShow_HomePageScrollingTest -->
