<?xml version="1.0" encoding="UTF-8"?>
<!-- Generated by org.testng.reporters.JUnitReportReporter -->
<testsuite hostname="TYC0422162" failures="0" tests="1" name="com.FileHandlingTest.UploadFile_UsingRobotClassTest" time="0.628" errors="0" timestamp="2022-08-08T12:09:51 IST" skipped="0">
  <testcase classname="com.FileHandlingTest.UploadFile_UsingRobotClassTest" name="uploadFileTest" time="0.628"/>
  <system-out/>
</testsuite> <!-- com.FileHandlingTest.UploadFile_UsingRobotClassTest -->
