<?xml version="1.0" encoding="UTF-8"?>
<!-- Generated by org.testng.reporters.JUnitReportReporter -->
<testsuite hostname="TYC0422162" failures="0" tests="1" name="com.task.hotstar.BookMyShow_HomePageScrolling" time="39.766" errors="0" timestamp="2022-07-22T12:35:16 IST" skipped="0">
  <testcase classname="com.task.hotstar.BookMyShow_HomePageScrolling" name="homePageScroll" time="39.766"/>
  <system-out/>
</testsuite> <!-- com.task.hotstar.BookMyShow_HomePageScrolling -->
