<?xml version="1.0" encoding="UTF-8"?>
<!-- Generated by org.testng.reporters.JUnitReportReporter -->
<testsuite hostname="TYC0422162" failures="0" tests="1" name="com.ActionsPracticeTest.MouseHoverTo_ElementOffsetTest" time="0.295" errors="0" timestamp="2022-08-02T14:49:40 IST" skipped="0">
  <testcase classname="com.ActionsPracticeTest.MouseHoverTo_ElementOffsetTest" name="signInMouseHoverElementOffset" time="0.295"/>
  <system-out/>
</testsuite> <!-- com.ActionsPracticeTest.MouseHoverTo_ElementOffsetTest -->
