<?xml version="1.0" encoding="UTF-8"?>
<!-- Generated by org.testng.reporters.JUnitReportReporter -->
<testsuite hostname="TYC0422162" failures="0" tests="1" name="com.ActionsPracticeTest.DragAndDropTest" time="1.343" errors="0" timestamp="2022-08-02T22:13:46 IST" skipped="0">
  <testcase classname="com.ActionsPracticeTest.DragAndDropTest" name="contextClick" time="1.343"/>
  <system-out/>
</testsuite> <!-- com.ActionsPracticeTest.DragAndDropTest -->
