<?xml version="1.0" encoding="UTF-8"?>
<!-- Generated by org.testng.reporters.JUnitReportReporter -->
<testsuite hostname="TYC0422162" failures="0" tests="1" name="com.ScrollHandlingTest.Vogue_HorizontalScrollingTest" time="1.259" errors="0" timestamp="2022-08-04T13:45:25 IST" skipped="0">
  <testcase classname="com.ScrollHandlingTest.Vogue_HorizontalScrollingTest" name="scrollPageDownAndUp" time="1.259"/>
  <system-out/>
</testsuite> <!-- com.ScrollHandlingTest.Vogue_HorizontalScrollingTest -->
