<?xml version="1.0" encoding="UTF-8"?>
<!-- Generated by org.testng.reporters.JUnitReportReporter -->
<testsuite hostname="TYC0422162" failures="0" tests="1" name="com.FileHandlingTest.UploadFileTest" time="0.270" errors="0" timestamp="2022-08-08T11:03:03 IST" skipped="0">
  <testcase classname="com.FileHandlingTest.UploadFileTest" name="uploadFileTest" time="0.270"/>
  <system-out/>
</testsuite> <!-- com.FileHandlingTest.UploadFileTest -->
